# JRE version: OpenJDK Runtime Environment (17.0.9) (build 17.0.9+0--11185874)
# Java VM: OpenJDK 64-Bit Server VM (17.0.9+0--11185874, mixed mode, tiered, compressed oops, compressed class ptrs, g1 gc, windows-amd64)
GC Precious Log:
 CPUs: 4 total, 4 available
 Memory: 8089M
 Large Page Support: Disabled
 NUMA Support: Disabled
 Compressed Oops: Enabled (32-bit)
 Heap Region Size: 1M
 Heap Min Capacity: 8M
 Heap Initial Capacity: 128M
 Heap Max Capacity: 2024M
 Pre-touch: Disabled
 Parallel Workers: 4
 Concurrent Workers: 1
 Concurrent Refinement Workers: 4
 Periodic GC: Disabled
Heap:
 garbage-first heap   total 241664K, used 120464K [0x0000000081800000, 0x0000000100000000)
  region size 1024K, 64 young (65536K), 5 survivors (5120K)
 Metaspace       used 71690K, committed 72000K, reserved 1114112K
  class space    used 8053K, committed 8192K, reserved 1048576K
GC Heap History (20 events):
Event: 2.999 GC heap before
{Heap before GC invocations=7 (full 0):
 garbage-first heap   total 70656K, used 43555K [0x0000000081800000, 0x0000000100000000)
  region size 1024K, 26 young (26624K), 3 survivors (3072K)
 Metaspace       used 35975K, committed 36160K, reserved 1114112K
  class space    used 4532K, committed 4608K, reserved 1048576K
}
Event: 3.013 GC heap after
{Heap after GC invocations=8 (full 0):
 garbage-first heap   total 70656K, used 24891K [0x0000000081800000, 0x0000000100000000)
  region size 1024K, 5 young (5120K), 5 survivors (5120K)
 Metaspace       used 35975K, committed 36160K, reserved 1114112K
  class space    used 4532K, committed 4608K, reserved 1048576K
}
Event: 3.380 GC heap before
{Heap before GC invocations=9 (full 0):
 garbage-first heap   total 70656K, used 50491K [0x0000000081800000, 0x0000000100000000)
  region size 1024K, 30 young (30720K), 5 survivors (5120K)
 Metaspace       used 40378K, committed 40640K, reserved 1114112K
  class space    used 4990K, committed 5120K, reserved 1048576K
}
Event: 3.393 GC heap after
{Heap after GC invocations=10 (full 0):
 garbage-first heap   total 70656K, used 26011K [0x0000000081800000, 0x0000000100000000)
  region size 1024K, 4 young (4096K), 4 survivors (4096K)
 Metaspace       used 40378K, committed 40640K, reserved 1114112K
  class space    used 4990K, committed 5120K, reserved 1048576K
}
Event: 3.411 GC heap before
{Heap before GC invocations=10 (full 0):
 garbage-first heap   total 70656K, used 27035K [0x0000000081800000, 0x0000000100000000)
  region size 1024K, 5 young (5120K), 4 survivors (4096K)
 Metaspace       used 40719K, committed 40960K, reserved 1114112K
  class space    used 5011K, committed 5120K, reserved 1048576K
}
Event: 3.417 GC heap after
{Heap after GC invocations=11 (full 0):
 garbage-first heap   total 70656K, used 26650K [0x0000000081800000, 0x0000000100000000)
  region size 1024K, 1 young (1024K), 1 survivors (1024K)
 Metaspace       used 40719K, committed 40960K, reserved 1114112K
  class space    used 5011K, committed 5120K, reserved 1048576K
}
Event: 4.026 GC heap before
{Heap before GC invocations=11 (full 0):
 garbage-first heap   total 70656K, used 50202K [0x0000000081800000, 0x0000000100000000)
  region size 1024K, 25 young (25600K), 1 survivors (1024K)
 Metaspace       used 46637K, committed 46912K, reserved 1114112K
  class space    used 5632K, committed 5760K, reserved 1048576K
}
Event: 4.036 GC heap after
{Heap after GC invocations=12 (full 0):
 garbage-first heap   total 70656K, used 28586K [0x0000000081800000, 0x0000000100000000)
  region size 1024K, 3 young (3072K), 3 survivors (3072K)
 Metaspace       used 46637K, committed 46912K, reserved 1114112K
  class space    used 5632K, committed 5760K, reserved 1048576K
}
Event: 4.703 GC heap before
{Heap before GC invocations=13 (full 0):
 garbage-first heap   total 70656K, used 53162K [0x0000000081800000, 0x0000000100000000)
  region size 1024K, 26 young (26624K), 3 survivors (3072K)
 Metaspace       used 51809K, committed 52096K, reserved 1114112K
  class space    used 6237K, committed 6400K, reserved 1048576K
}
Event: 4.713 GC heap after
{Heap after GC invocations=14 (full 0):
 garbage-first heap   total 70656K, used 33717K [0x0000000081800000, 0x0000000100000000)
  region size 1024K, 3 young (3072K), 3 survivors (3072K)
 Metaspace       used 51809K, committed 52096K, reserved 1114112K
  class space    used 6237K, committed 6400K, reserved 1048576K
}
Event: 4.738 GC heap before
{Heap before GC invocations=14 (full 0):
 garbage-first heap   total 70656K, used 34741K [0x0000000081800000, 0x0000000100000000)
  region size 1024K, 4 young (4096K), 3 survivors (3072K)
 Metaspace       used 51827K, committed 52096K, reserved 1114112K
  class space    used 6238K, committed 6400K, reserved 1048576K
}
Event: 4.745 GC heap after
{Heap after GC invocations=15 (full 0):
 garbage-first heap   total 138240K, used 34131K [0x0000000081800000, 0x0000000100000000)
  region size 1024K, 1 young (1024K), 1 survivors (1024K)
 Metaspace       used 51827K, committed 52096K, reserved 1114112K
  class space    used 6238K, committed 6400K, reserved 1048576K
}
Event: 6.094 GC heap before
{Heap before GC invocations=15 (full 0):
 garbage-first heap   total 138240K, used 95571K [0x0000000081800000, 0x0000000100000000)
  region size 1024K, 60 young (61440K), 1 survivors (1024K)
 Metaspace       used 54215K, committed 54464K, reserved 1114112K
  class space    used 6378K, committed 6528K, reserved 1048576K
}
Event: 6.111 GC heap after
{Heap after GC invocations=16 (full 0):
 garbage-first heap   total 138240K, used 42173K [0x0000000081800000, 0x0000000100000000)
  region size 1024K, 8 young (8192K), 8 survivors (8192K)
 Metaspace       used 54215K, committed 54464K, reserved 1114112K
  class space    used 6378K, committed 6528K, reserved 1048576K
}
Event: 7.017 GC heap before
{Heap before GC invocations=16 (full 0):
 garbage-first heap   total 138240K, used 98493K [0x0000000081800000, 0x0000000100000000)
  region size 1024K, 63 young (64512K), 8 survivors (8192K)
 Metaspace       used 57602K, committed 57920K, reserved 1114112K
  class space    used 6758K, committed 6912K, reserved 1048576K
}
Event: 7.035 GC heap after
{Heap after GC invocations=17 (full 0):
 garbage-first heap   total 138240K, used 48837K [0x0000000081800000, 0x0000000100000000)
  region size 1024K, 7 young (7168K), 7 survivors (7168K)
 Metaspace       used 57602K, committed 57920K, reserved 1114112K
  class space    used 6758K, committed 6912K, reserved 1048576K
}
Event: 8.532 GC heap before
{Heap before GC invocations=17 (full 0):
 garbage-first heap   total 138240K, used 104133K [0x0000000081800000, 0x0000000100000000)
  region size 1024K, 60 young (61440K), 7 survivors (7168K)
 Metaspace       used 60783K, committed 61120K, reserved 1114112K
  class space    used 7002K, committed 7168K, reserved 1048576K
}
Event: 8.555 GC heap after
{Heap after GC invocations=18 (full 0):
 garbage-first heap   total 138240K, used 56534K [0x0000000081800000, 0x0000000100000000)
  region size 1024K, 8 young (8192K), 8 survivors (8192K)
 Metaspace       used 60783K, committed 61120K, reserved 1114112K
  class space    used 7002K, committed 7168K, reserved 1048576K
}
Event: 10.351 GC heap before
{Heap before GC invocations=18 (full 0):
 garbage-first heap   total 138240K, used 106710K [0x0000000081800000, 0x0000000100000000)
  region size 1024K, 57 young (58368K), 8 survivors (8192K)
 Metaspace       used 63485K, committed 63744K, reserved 1114112K
  class space    used 7185K, committed 7296K, reserved 1048576K
}
Event: 10.373 GC heap after
{Heap after GC invocations=19 (full 0):
 garbage-first heap   total 241664K, used 61072K [0x0000000081800000, 0x0000000100000000)
  region size 1024K, 5 young (5120K), 5 survivors (5120K)
 Metaspace       used 63485K, committed 63744K, reserved 1114112K
  class space    used 7185K, committed 7296K, reserved 1048576K
}

