# JRE version: OpenJDK Runtime Environment (17.0.9) (build 17.0.9+0--11185874)
# Java VM: OpenJDK 64-Bit Server VM (17.0.9+0--11185874, mixed mode, tiered, compressed oops, compressed class ptrs, g1 gc, windows-amd64)
GC Precious Log:
 CPUs: 4 total, 4 available
 Memory: 8089M
 Large Page Support: Disabled
 NUMA Support: Disabled
 Compressed Oops: Enabled (32-bit)
 Heap Region Size: 1M
 Heap Min Capacity: 8M
 Heap Initial Capacity: 128M
 Heap Max Capacity: 2024M
 Pre-touch: Disabled
 Parallel Workers: 4
 Concurrent Workers: 1
 Concurrent Refinement Workers: 4
 Periodic GC: Disabled
Heap:
 garbage-first heap   total 131072K, used 73269K [0x0000000081800000, 0x0000000100000000)
  region size 1024K, 3 young (3072K), 3 survivors (3072K)
 Metaspace       used 77668K, committed 78016K, reserved 1179648K
  class space    used 8778K, committed 8960K, reserved 1048576K
GC Heap History (20 events):
Event: 4.455 GC heap after
{Heap after GC invocations=15 (full 0):
 garbage-first heap   total 102400K, used 38527K [0x0000000081800000, 0x0000000100000000)
  region size 1024K, 7 young (7168K), 7 survivors (7168K)
 Metaspace       used 52575K, committed 52928K, reserved 1114112K
  class space    used 6305K, committed 6464K, reserved 1048576K
}
Event: 5.163 GC heap before
{Heap before GC invocations=15 (full 0):
 garbage-first heap   total 102400K, used 73343K [0x0000000081800000, 0x0000000100000000)
  region size 1024K, 41 young (41984K), 7 survivors (7168K)
 Metaspace       used 54104K, committed 54400K, reserved 1114112K
  class space    used 6377K, committed 6528K, reserved 1048576K
}
Event: 5.181 GC heap after
{Heap after GC invocations=16 (full 0):
 garbage-first heap   total 102400K, used 43980K [0x0000000081800000, 0x0000000100000000)
  region size 1024K, 6 young (6144K), 6 survivors (6144K)
 Metaspace       used 54104K, committed 54400K, reserved 1114112K
  class space    used 6377K, committed 6528K, reserved 1048576K
}
Event: 5.663 GC heap before
{Heap before GC invocations=16 (full 0):
 garbage-first heap   total 102400K, used 75724K [0x0000000081800000, 0x0000000100000000)
  region size 1024K, 37 young (37888K), 6 survivors (6144K)
 Metaspace       used 55752K, committed 56000K, reserved 1114112K
  class space    used 6554K, committed 6656K, reserved 1048576K
}
Event: 5.682 GC heap after
{Heap after GC invocations=17 (full 0):
 garbage-first heap   total 102400K, used 48374K [0x0000000081800000, 0x0000000100000000)
  region size 1024K, 5 young (5120K), 5 survivors (5120K)
 Metaspace       used 55752K, committed 56000K, reserved 1114112K
  class space    used 6554K, committed 6656K, reserved 1048576K
}
Event: 6.101 GC heap before
{Heap before GC invocations=17 (full 0):
 garbage-first heap   total 102400K, used 78070K [0x0000000081800000, 0x0000000100000000)
  region size 1024K, 34 young (34816K), 5 survivors (5120K)
 Metaspace       used 57258K, committed 57536K, reserved 1114112K
  class space    used 6711K, committed 6848K, reserved 1048576K
}
Event: 6.116 GC heap after
{Heap after GC invocations=18 (full 0):
 garbage-first heap   total 102400K, used 52308K [0x0000000081800000, 0x0000000100000000)
  region size 1024K, 4 young (4096K), 4 survivors (4096K)
 Metaspace       used 57258K, committed 57536K, reserved 1114112K
  class space    used 6711K, committed 6848K, reserved 1048576K
}
Event: 6.530 GC heap before
{Heap before GC invocations=18 (full 0):
 garbage-first heap   total 102400K, used 64596K [0x0000000081800000, 0x0000000100000000)
  region size 1024K, 17 young (17408K), 4 survivors (4096K)
 Metaspace       used 58472K, committed 58752K, reserved 1114112K
  class space    used 6832K, committed 6976K, reserved 1048576K
}
Event: 6.540 GC heap after
{Heap after GC invocations=19 (full 0):
 garbage-first heap   total 128000K, used 54718K [0x0000000081800000, 0x0000000100000000)
  region size 1024K, 3 young (3072K), 3 survivors (3072K)
 Metaspace       used 58472K, committed 58752K, reserved 1114112K
  class space    used 6832K, committed 6976K, reserved 1048576K
}
Event: 7.770 GC heap before
{Heap before GC invocations=19 (full 0):
 garbage-first heap   total 128000K, used 96702K [0x0000000081800000, 0x0000000100000000)
  region size 1024K, 43 young (44032K), 3 survivors (3072K)
 Metaspace       used 60695K, committed 61056K, reserved 1114112K
  class space    used 7001K, committed 7168K, reserved 1048576K
}
Event: 7.784 GC heap after
{Heap after GC invocations=20 (full 0):
 garbage-first heap   total 128000K, used 59593K [0x0000000081800000, 0x0000000100000000)
  region size 1024K, 6 young (6144K), 6 survivors (6144K)
 Metaspace       used 60695K, committed 61056K, reserved 1114112K
  class space    used 7001K, committed 7168K, reserved 1048576K
}
Event: 9.334 GC heap before
{Heap before GC invocations=20 (full 0):
 garbage-first heap   total 128000K, used 98505K [0x0000000081800000, 0x0000000100000000)
  region size 1024K, 44 young (45056K), 6 survivors (6144K)
 Metaspace       used 62033K, committed 62336K, reserved 1114112K
  class space    used 7035K, committed 7168K, reserved 1048576K
}
Event: 9.348 GC heap after
{Heap after GC invocations=21 (full 0):
 garbage-first heap   total 128000K, used 63339K [0x0000000081800000, 0x0000000100000000)
  region size 1024K, 4 young (4096K), 4 survivors (4096K)
 Metaspace       used 62033K, committed 62336K, reserved 1114112K
  class space    used 7035K, committed 7168K, reserved 1048576K
}
Event: 10.148 GC heap before
{Heap before GC invocations=21 (full 0):
 garbage-first heap   total 128000K, used 99179K [0x0000000081800000, 0x0000000100000000)
  region size 1024K, 39 young (39936K), 4 survivors (4096K)
 Metaspace       used 68583K, committed 68864K, reserved 1114112K
  class space    used 7719K, committed 7872K, reserved 1048576K
}
Event: 10.159 GC heap after
{Heap after GC invocations=22 (full 0):
 garbage-first heap   total 128000K, used 66387K [0x0000000081800000, 0x0000000100000000)
  region size 1024K, 3 young (3072K), 3 survivors (3072K)
 Metaspace       used 68583K, committed 68864K, reserved 1114112K
  class space    used 7719K, committed 7872K, reserved 1048576K
}
Event: 11.295 GC heap before
{Heap before GC invocations=23 (full 0):
 garbage-first heap   total 128000K, used 100179K [0x0000000081800000, 0x0000000100000000)
  region size 1024K, 37 young (37888K), 3 survivors (3072K)
 Metaspace       used 71585K, committed 71936K, reserved 1114112K
  class space    used 8053K, committed 8192K, reserved 1048576K
}
Event: 11.312 GC heap after
{Heap after GC invocations=24 (full 0):
 garbage-first heap   total 128000K, used 70902K [0x0000000081800000, 0x0000000100000000)
  region size 1024K, 5 young (5120K), 5 survivors (5120K)
 Metaspace       used 71585K, committed 71936K, reserved 1114112K
  class space    used 8053K, committed 8192K, reserved 1048576K
}
Event: 11.331 GC heap before
{Heap before GC invocations=24 (full 0):
 garbage-first heap   total 128000K, used 71926K [0x0000000081800000, 0x0000000100000000)
  region size 1024K, 6 young (6144K), 5 survivors (5120K)
 Metaspace       used 71589K, committed 71936K, reserved 1114112K
  class space    used 8053K, committed 8192K, reserved 1048576K
}
Event: 11.344 GC heap after
{Heap after GC invocations=25 (full 0):
 garbage-first heap   total 128000K, used 71786K [0x0000000081800000, 0x0000000100000000)
  region size 1024K, 1 young (1024K), 1 survivors (1024K)
 Metaspace       used 71589K, committed 71936K, reserved 1114112K
  class space    used 8053K, committed 8192K, reserved 1048576K
}
Event: 12.084 GC heap before
{Heap before GC invocations=25 (full 0):
 garbage-first heap   total 128000K, used 102506K [0x0000000081800000, 0x0000000100000000)
  region size 1024K, 31 young (31744K), 1 survivors (1024K)
 Metaspace       used 77668K, committed 78016K, reserved 1179648K
  class space    used 8778K, committed 8960K, reserved 1048576K
}

